<?xml version="1.0" encoding="UTF-8"?>
<testng-results ignored="0" total="1" passed="1" failed="0" skipped="0">
  <reporter-output>
  </reporter-output>
  <suite started-at="2024-12-16T12:21:26 IST" name="Suite" finished-at="2024-12-16T12:21:37 IST" duration-ms="10315">
    <groups>
      <group name="e2e">
        <method signature="TC001_Accountregistration.testregistration()[pri:0, instance:testCases.TC001_Accountregistration@7ca20101]" name="testregistration" class="testCases.TC001_Accountregistration"/>
      </group> <!-- e2e -->
      <group name="sanity">
        <method signature="TC001_Accountregistration.testregistration()[pri:0, instance:testCases.TC001_Accountregistration@7ca20101]" name="testregistration" class="testCases.TC001_Accountregistration"/>
      </group> <!-- sanity -->
    </groups>
    <test started-at="2024-12-16T12:21:26 IST" name="chrometest" finished-at="2024-12-16T12:21:37 IST" duration-ms="10315">
      <class name="testCases.TC001_Accountregistration">
        <test-method is-config="true" signature="setup(java.lang.String,java.lang.String)[pri:0, instance:testCases.TC001_Accountregistration@7ca20101]" started-at="2024-12-16T12:21:27 IST" name="setup" finished-at="2024-12-16T12:21:29 IST" duration-ms="2613" status="PASS">
          <params>
            <param index="0">
              <value>
                <![CDATA[Windows]]>
              </value>
            </param>
            <param index="1">
              <value>
                <![CDATA[chrome]]>
              </value>
            </param>
          </params>
          <reporter-output>
          </reporter-output>
        </test-method> <!-- setup -->
        <test-method signature="testregistration()[pri:0, instance:testCases.TC001_Accountregistration@7ca20101]" started-at="2024-12-16T12:21:29 IST" name="testregistration" finished-at="2024-12-16T12:21:36 IST" duration-ms="7252" status="PASS">
          <reporter-output>
          </reporter-output>
        </test-method> <!-- testregistration -->
        <test-method is-config="true" signature="teardown()[pri:0, instance:testCases.TC001_Accountregistration@7ca20101]" started-at="2024-12-16T12:21:36 IST" name="teardown" finished-at="2024-12-16T12:21:37 IST" duration-ms="205" status="PASS">
          <reporter-output>
          </reporter-output>
        </test-method> <!-- teardown -->
      </class> <!-- testCases.TC001_Accountregistration -->
    </test> <!-- chrometest -->
  </suite> <!-- Suite -->
</testng-results>
